time=2024-07-17T14:45:58.937+05:00 level=INFO msg="GetNutrition method is starting"
time=2024-07-17T14:45:58.946+05:00 level=ERROR msg="invalid dish id: invalid UUID length: 4"
time=2024-07-17T14:46:13.808+05:00 level=INFO msg="GetNutrition method is starting"
time=2024-07-17T14:46:13.808+05:00 level=ERROR msg="invalid dish id: invalid UUID length: 4"
time=2024-07-17T14:46:31.200+05:00 level=INFO msg="GetNutrition method is starting"
time=2024-07-17T14:46:31.200+05:00 level=ERROR msg="invalid dish id: invalid UUID length: 4"
time=2024-07-17T14:47:27.786+05:00 level=INFO msg="GetNutrition method is starting"
time=2024-07-17T14:47:27.786+05:00 level=ERROR msg="invalid dish id: invalid UUID length: 3"
time=2024-07-17T14:48:13.563+05:00 level=INFO msg="GetNutrition method is starting"
time=2024-07-17T14:48:13.563+05:00 level=ERROR msg="invalid dish id: invalid UUID length: 3"
time=2024-07-17T14:49:14.284+05:00 level=INFO msg="GetNutrition method is starting"
time=2024-07-17T14:49:14.284+05:00 level=ERROR msg="invalid dish id: invalid UUID length: 0"
time=2024-07-17T14:52:53.196+05:00 level=INFO msg="GetNutrition method is starting"
time=2024-07-17T14:52:53.196+05:00 level=ERROR msg="invalid dish id: invalid UUID length: 4"
time=2024-07-17T14:56:59.753+05:00 level=INFO msg="GetNutrition method is starting"
time=2024-07-17T14:56:59.755+05:00 level=ERROR msg="error getting dish's nutritional info: rpc error: code = Unimplemented desc = unknown service extra.Extra"
time=2024-07-17T16:25:20.154+05:00 level=INFO msg="GetNutrition method is starting"
time=2024-07-17T16:25:20.165+05:00 level=ERROR msg="error getting dish's nutritional info: rpc error: code = Unavailable desc = connection error: desc = \"transport: Error while dialing: dial tcp 127.0.0.1:50052: connect: connection refused\""
time=2024-07-17T16:26:16.991+05:00 level=INFO msg="GetNutrition method is starting"
time=2024-07-17T16:26:16.993+05:00 level=ERROR msg="error getting dish's nutritional info: rpc error: code = Unimplemented desc = unknown service extra.Extra"
time=2024-07-17T16:28:23.084+05:00 level=INFO msg="GetNutrition method is starting"
time=2024-07-17T16:28:23.087+05:00 level=ERROR msg="error getting dish's nutritional info: rpc error: code = Unimplemented desc = unknown service extra.Extra"
time=2024-07-17T18:53:10.494+05:00 level=INFO msg="GetNutrition method is starting"
time=2024-07-17T18:53:10.496+05:00 level=ERROR msg="error getting dish's nutritional info: rpc error: code = Unimplemented desc = unknown service extra.Extra"
time=2024-07-17T19:03:12.531+05:00 level=INFO msg="GetNutrition method is starting"
time=2024-07-17T19:03:12.533+05:00 level=ERROR msg="error getting dish's nutritional info: rpc error: code = Unimplemented desc = unknown service extra.Extra"
time=2024-07-17T19:03:42.582+05:00 level=INFO msg="GetNutrition method is starting"
time=2024-07-17T19:03:42.583+05:00 level=ERROR msg="error getting dish's nutritional info: rpc error: code = Unimplemented desc = unknown service extra.Extra"
time=2024-07-17T19:05:12.706+05:00 level=INFO msg="GetNutrition method is starting"
time=2024-07-17T19:05:12.711+05:00 level=INFO msg="GetNutrition method has finished successfully"
time=2024-07-17T19:05:32.852+05:00 level=INFO msg="GetDish method is starting"
time=2024-07-17T19:05:32.856+05:00 level=INFO msg="GetDish method has finished successfully"
time=2024-07-17T19:05:52.718+05:00 level=INFO msg="DeleteDish method is starting"
time=2024-07-17T19:05:52.730+05:00 level=INFO msg="DeleteDish method has finished successfully"
time=2024-07-17T19:11:06.670+05:00 level=INFO msg="DeleteDish method is starting"
time=2024-07-17T19:11:06.686+05:00 level=INFO msg="DeleteDish method has finished successfully"
time=2024-07-17T19:11:32.971+05:00 level=INFO msg="GetDish method is starting"
time=2024-07-17T19:11:32.973+05:00 level=INFO msg="GetDish method has finished successfully"
time=2024-07-17T19:11:37.351+05:00 level=INFO msg="GetDish method is starting"
time=2024-07-17T19:11:37.352+05:00 level=ERROR msg="error getting dish: rpc error: code = Unknown desc = failed to read dish: reading failure: sql: no rows in result set"
time=2024-07-17T19:13:09.706+05:00 level=INFO msg="CreateDish method is starting"
time=2024-07-17T19:13:09.722+05:00 level=INFO msg="CreateDish method has finished successfully"
time=2024-07-17T19:14:00.704+05:00 level=INFO msg="CreateDish method is starting"
time=2024-07-17T19:14:00.721+05:00 level=INFO msg="CreateDish method has finished successfully"
time=2024-07-17T19:14:20.624+05:00 level=INFO msg="GetDish method is starting"
time=2024-07-17T19:14:20.626+05:00 level=ERROR msg="error getting dish: rpc error: code = Unknown desc = failed to read dish: unmarshalling failure: unexpected end of JSON input"
time=2024-07-17T19:17:10.028+05:00 level=INFO msg="GetDish method is starting"
time=2024-07-17T19:17:10.029+05:00 level=ERROR msg="error getting dish: rpc error: code = Unavailable desc = connection error: desc = \"transport: Error while dialing: dial tcp 127.0.0.1:50052: connect: connection refused\""
time=2024-07-17T19:17:20.586+05:00 level=INFO msg="GetDish method is starting"
time=2024-07-17T19:17:20.589+05:00 level=ERROR msg="error getting dish: rpc error: code = Unknown desc = failed to read dish: unmarshalling failure: unexpected end of JSON input"
time=2024-07-17T19:17:36.776+05:00 level=INFO msg="CreateDish method is starting"
time=2024-07-17T19:17:36.792+05:00 level=INFO msg="CreateDish method has finished successfully"
time=2024-07-17T19:18:34.238+05:00 level=INFO msg="GetDish method is starting"
time=2024-07-17T19:18:34.240+05:00 level=ERROR msg="error getting dish: rpc error: code = Unknown desc = failed to read dish: unmarshalling failure: unexpected end of JSON input"
time=2024-07-17T19:21:46.696+05:00 level=INFO msg="CreateDish method is starting"
time=2024-07-17T19:21:46.711+05:00 level=INFO msg="CreateDish method has finished successfully"
time=2024-07-17T19:22:13.941+05:00 level=INFO msg="GetDish method is starting"
time=2024-07-17T19:22:13.943+05:00 level=ERROR msg="error getting dish: rpc error: code = Unknown desc = failed to read dish: unmarshalling failure: unexpected end of JSON input"
time=2024-07-17T19:25:46.158+05:00 level=INFO msg="GetDish method is starting"
time=2024-07-17T19:25:46.159+05:00 level=INFO msg="GetDish method has finished successfully"
time=2024-07-17T19:26:12.002+05:00 level=INFO msg="GetNutrition method is starting"
time=2024-07-17T19:26:12.004+05:00 level=ERROR msg="error getting dish's nutritional info: rpc error: code = Unknown desc = failed to get dish's nutrition info: dishes unmarshal failure: unexpected end of JSON input"
time=2024-07-17T19:27:23.063+05:00 level=INFO msg="GetNutrition method is starting"
time=2024-07-17T19:27:23.065+05:00 level=ERROR msg="error getting dish's nutritional info: rpc error: code = Unknown desc = failed to get dish's nutrition info: dishes unmarshal failure: unexpected end of JSON input"
time=2024-07-17T19:28:05.273+05:00 level=INFO msg="CreateDish method is starting"
time=2024-07-17T19:28:05.287+05:00 level=INFO msg="CreateDish method has finished successfully"
time=2024-07-17T19:30:08.392+05:00 level=INFO msg="CreateDish method is starting"
time=2024-07-17T19:30:08.407+05:00 level=INFO msg="CreateDish method has finished successfully"
time=2024-07-17T19:41:17.718+05:00 level=INFO msg="CreateDish method is starting"
time=2024-07-17T19:41:17.735+05:00 level=INFO msg="CreateDish method has finished successfully"
time=2024-07-17T19:41:30.753+05:00 level=INFO msg="GetDish method is starting"
time=2024-07-17T19:41:30.754+05:00 level=INFO msg="GetDish method has finished successfully"
time=2024-07-17T19:41:43.137+05:00 level=INFO msg="GetNutrition method is starting"
time=2024-07-17T19:41:43.139+05:00 level=INFO msg="GetNutrition method has finished successfully"
time=2024-07-17T19:43:08.809+05:00 level=INFO msg="UpdateDish method is starting"
time=2024-07-17T19:43:08.821+05:00 level=INFO msg="UpdateDish method has finished successfully"
time=2024-07-17T19:43:29.046+05:00 level=INFO msg="DeleteDish method is starting"
time=2024-07-17T19:43:29.058+05:00 level=INFO msg="DeleteDish method has finished successfully"
time=2024-07-17T19:43:38.240+05:00 level=INFO msg="DeleteDish method is starting"
time=2024-07-17T19:43:38.240+05:00 level=INFO msg="DeleteDish method has finished successfully"
time=2024-07-17T19:43:39.865+05:00 level=INFO msg="DeleteDish method is starting"
time=2024-07-17T19:43:39.866+05:00 level=INFO msg="DeleteDish method has finished successfully"
time=2024-07-17T19:43:57.458+05:00 level=INFO msg="DeleteDish method is starting"
time=2024-07-17T19:43:57.458+05:00 level=INFO msg="DeleteDish method has finished successfully"
time=2024-07-17T19:45:08.718+05:00 level=INFO msg="GetUser method is starting"
time=2024-07-17T19:45:08.720+05:00 level=ERROR msg="error getting user: rpc error: code = Unknown desc = failed to get profile: reading failure: sql: Scan error on column index 4, name \"address\": converting NULL to string is unsupported"
time=2024-07-17T19:54:51.202+05:00 level=INFO msg="GetUser method is starting"
time=2024-07-17T19:54:51.203+05:00 level=INFO msg="GetUser method has finished successfully"
time=2024-07-17T19:56:50.880+05:00 level=INFO msg="UpdateUser method is starting"
time=2024-07-17T19:56:50.880+05:00 level=ERROR msg="invalid user id: invalid UUID length: 267"
time=2024-07-17T19:57:06.551+05:00 level=INFO msg="UpdateUser method is starting"
time=2024-07-17T19:57:06.563+05:00 level=INFO msg="UpdateUser method has finished successfully"
time=2024-07-17T19:57:58.026+05:00 level=INFO msg="DeleteUser method is starting"
time=2024-07-17T19:57:58.038+05:00 level=INFO msg="DeleteUser method has finished successfully"
time=2024-07-17T19:59:08.347+05:00 level=INFO msg="TrackActivity method is starting"
time=2024-07-17T19:59:08.347+05:00 level=ERROR msg="invalid start date: parsing time \"2024-01-31 15:00:00\": extra text: \" 15:00:00\""
time=2024-07-17T19:59:28.448+05:00 level=INFO msg="TrackActivity method is starting"
time=2024-07-17T19:59:28.448+05:00 level=ERROR msg="invalid start date: parsing time \"2024.01.31 15:00:00\" as \"2006-01-02\": cannot parse \".01.31 15:00:00\" as \"-\""
time=2024-07-17T20:00:13.629+05:00 level=INFO msg="TrackActivity method is starting"
time=2024-07-17T20:00:13.641+05:00 level=ERROR msg="error tracking activity: rpc error: code = Unknown desc = failed to track user activity: kitchens retrieval failure: pq: syntax error at or near \"(\""
time=2024-07-17T20:01:32.129+05:00 level=INFO msg="TrackActivity method is starting"
time=2024-07-17T20:01:32.131+05:00 level=ERROR msg="error tracking activity: rpc error: code = Unknown desc = failed to track user activity: kitchens retrieval failure: pq: column \"orders.kitchen_id\" must appear in the GROUP BY clause or be used in an aggregate function"
time=2024-07-17T20:02:05.199+05:00 level=INFO msg="TrackActivity method is starting"
time=2024-07-17T20:02:05.201+05:00 level=ERROR msg="error tracking activity: rpc error: code = Unknown desc = failed to track user activity: kitchens retrieval failure: sql: expected 3 destination arguments in Scan, not 1"
time=2024-07-17T20:03:05.528+05:00 level=INFO msg="TrackActivity method is starting"
time=2024-07-17T20:03:05.531+05:00 level=ERROR msg="error tracking activity: rpc error: code = Unknown desc = failed to track user activity: kitchens retrieval failure: sql: expected 3 destination arguments in Scan, not 1"
time=2024-07-17T20:10:19.968+05:00 level=INFO msg="TrackActivity method is starting"
time=2024-07-17T20:10:19.974+05:00 level=ERROR msg="error tracking activity: rpc error: code = Unavailable desc = error reading from server: EOF"
time=2024-07-17T20:10:51.068+05:00 level=INFO msg="TrackActivity method is starting"
time=2024-07-17T20:10:51.073+05:00 level=ERROR msg="error tracking activity: rpc error: code = Unavailable desc = error reading from server: EOF"
time=2024-07-17T20:12:04.717+05:00 level=INFO msg="TrackActivity method is starting"
time=2024-07-17T20:12:04.722+05:00 level=ERROR msg="error tracking activity: rpc error: code = Unavailable desc = error reading from server: EOF"
time=2024-07-17T20:15:37.424+05:00 level=INFO msg="TrackActivity method is starting"
time=2024-07-17T20:15:37.430+05:00 level=ERROR msg="error tracking activity: rpc error: code = Unavailable desc = error reading from server: EOF"
time=2024-07-17T20:15:47.855+05:00 level=INFO msg="TrackActivity method is starting"
time=2024-07-17T20:15:47.856+05:00 level=ERROR msg="error tracking activity: rpc error: code = Unavailable desc = connection error: desc = \"transport: Error while dialing: dial tcp 127.0.0.1:50052: connect: connection refused\""
time=2024-07-17T20:17:30.891+05:00 level=INFO msg="TrackActivity method is starting"
time=2024-07-17T20:17:30.891+05:00 level=ERROR msg="error tracking activity: rpc error: code = Unavailable desc = connection error: desc = \"transport: Error while dialing: dial tcp 127.0.0.1:50052: connect: connection refused\""
time=2024-07-17T20:17:54.928+05:00 level=INFO msg="TrackActivity method is starting"
time=2024-07-17T20:17:54.930+05:00 level=ERROR msg="error tracking activity: rpc error: code = Unknown desc = failed to track user activity: total orders and revenue retrieval failure: sql: Scan error on column index 1, name \"total_spent\": converting NULL to float32 is unsupported"
time=2024-07-17T20:21:00.907+05:00 level=INFO msg="TrackActivity method is starting"
time=2024-07-17T20:21:00.912+05:00 level=ERROR msg="error tracking activity: rpc error: code = Unavailable desc = error reading from server: EOF"
time=2024-07-17T20:21:12.559+05:00 level=INFO msg="TrackActivity method is starting"
time=2024-07-17T20:21:12.565+05:00 level=ERROR msg="error tracking activity: rpc error: code = Unavailable desc = error reading from server: EOF"
time=2024-07-17T20:24:50.398+05:00 level=INFO msg="TrackActivity method is starting"
time=2024-07-17T20:24:50.403+05:00 level=ERROR msg="error tracking activity: rpc error: code = Unavailable desc = error reading from server: EOF"
time=2024-07-17T20:28:19.232+05:00 level=INFO msg="TrackActivity method is starting"
time=2024-07-17T20:28:19.237+05:00 level=ERROR msg="error tracking activity: rpc error: code = Unavailable desc = error reading from server: EOF"
time=2024-07-17T20:36:48.545+05:00 level=INFO msg="TrackActivity method is starting"
time=2024-07-17T20:36:48.551+05:00 level=ERROR msg="error tracking activity: rpc error: code = Unavailable desc = error reading from server: EOF"
time=2024-07-17T20:37:28.714+05:00 level=INFO msg="GetNutrition method is starting"
time=2024-07-17T20:37:28.714+05:00 level=ERROR msg="error getting dish's nutritional info: rpc error: code = Unavailable desc = connection error: desc = \"transport: Error while dialing: dial tcp 127.0.0.1:50052: connect: connection refused\""
time=2024-07-17T20:37:37.411+05:00 level=INFO msg="GetNutrition method is starting"
time=2024-07-17T20:37:37.411+05:00 level=ERROR msg="error getting dish's nutritional info: rpc error: code = Unavailable desc = connection error: desc = \"transport: Error while dialing: dial tcp 127.0.0.1:50052: connect: connection refused\""
time=2024-07-17T20:37:40.118+05:00 level=INFO msg="GetNutrition method is starting"
time=2024-07-17T20:37:40.120+05:00 level=INFO msg="GetNutrition method has finished successfully"
time=2024-07-17T20:38:56.671+05:00 level=INFO msg="SetWorkingHours method is starting"
time=2024-07-17T20:38:56.688+05:00 level=INFO msg="SetWorkingHours method has finished successfully"
time=2024-07-17T20:39:56.905+05:00 level=INFO msg="GetStatistics method is starting"
time=2024-07-17T20:39:56.916+05:00 level=ERROR msg="error getting statistics: rpc error: code = Unknown desc = failed to get kitchen statistics: busiest hours retrieval failure: sql: expected 2 destination arguments in Scan, not 1"
time=2024-07-17T20:52:55.718+05:00 level=INFO msg="GetStatistics method is starting"
time=2024-07-17T20:52:55.723+05:00 level=ERROR msg="error getting statistics: rpc error: code = Unavailable desc = error reading from server: EOF"
time=2024-07-17T20:55:58.530+05:00 level=INFO msg="GetStatistics method is starting"
time=2024-07-17T20:55:58.536+05:00 level=ERROR msg="error getting statistics: rpc error: code = Unavailable desc = error reading from server: EOF"
time=2024-07-17T20:57:38.695+05:00 level=INFO msg="GetStatistics method is starting"
time=2024-07-17T20:57:38.698+05:00 level=INFO msg="GetStatistics method has finished successfully"
time=2024-07-17T20:59:18.665+05:00 level=INFO msg="TrackActivity method is starting"
time=2024-07-17T20:59:18.669+05:00 level=INFO msg="TrackActivity method has finished successfully"
time=2024-07-17T21:27:14.421+05:00 level=INFO msg="FetchKitchens method is starting"
time=2024-07-17T21:27:14.426+05:00 level=INFO msg="FetchKitchens method has finished successfully"
time=2024-07-17T21:27:32.768+05:00 level=INFO msg="FetchOrdersForKitchen method is starting"
time=2024-07-17T21:27:32.769+05:00 level=ERROR msg="invalid dish ID: invalid UUID length: 4"
time=2024-07-17T21:27:50.016+05:00 level=INFO msg="FetchOrdersForKitchen method is starting"
time=2024-07-17T21:27:50.016+05:00 level=ERROR msg="invalid dish ID: invalid UUID length: 4"
time=2024-07-17T21:28:00.997+05:00 level=INFO msg="FetchOrdersForCustomer method is starting"
time=2024-07-17T21:28:00.997+05:00 level=ERROR msg="invalid pagination parameters: strconv.Atoi: parsing \"\": invalid syntax"
time=2024-07-17T21:28:23.114+05:00 level=INFO msg="GetReviews method is starting"
time=2024-07-17T21:28:23.114+05:00 level=ERROR msg="invalid dish ID: invalid UUID length: 4"
time=2024-07-17T21:28:43.409+05:00 level=INFO msg="GetStatistics method is starting"
time=2024-07-17T21:28:43.409+05:00 level=ERROR msg="invalid start date: parsing time \"1\" as \"2006-01-02\": cannot parse \"1\" as \"2006\""
time=2024-07-17T21:28:59.890+05:00 level=INFO msg="GetStatistics method is starting"
time=2024-07-17T21:28:59.898+05:00 level=ERROR msg="error getting statistics: rpc error: code = Unknown desc = failed to get kitchen statistics: top dishes retrieval failure: sql: no rows in result set"
time=2024-07-17T21:30:45.370+05:00 level=INFO msg="GetKitchen method is starting"
time=2024-07-17T21:30:45.370+05:00 level=ERROR msg="invalid kitchen id: invalid UUID length: 6"
time=2024-07-17T21:31:28.323+05:00 level=INFO msg="GetStatistics method is starting"
time=2024-07-17T21:31:28.326+05:00 level=ERROR msg="error getting statistics: rpc error: code = Unknown desc = failed to get kitchen statistics: top dishes retrieval failure: sql: no rows in result set"
time=2024-07-17T21:31:40.466+05:00 level=INFO msg="GetStatistics method is starting"
time=2024-07-17T21:31:40.466+05:00 level=ERROR msg="invalid start date: parsing time \"20-12-12\" as \"2006-01-02\": cannot parse \"20-12-12\" as \"2006\""
time=2024-07-17T21:32:01.905+05:00 level=INFO msg="GetStatistics method is starting"
time=2024-07-17T21:32:01.908+05:00 level=ERROR msg="error getting statistics: rpc error: code = Unknown desc = failed to get kitchen statistics: top dishes retrieval failure: sql: no rows in result set"
time=2024-07-17T21:32:34.127+05:00 level=INFO msg="GetStatistics method is starting"
time=2024-07-17T21:32:34.129+05:00 level=ERROR msg="error getting statistics: rpc error: code = Unknown desc = failed to get kitchen statistics: top dishes retrieval failure: sql: no rows in result set"
time=2024-07-17T21:32:51.063+05:00 level=INFO msg="GetStatistics method is starting"
time=2024-07-17T21:32:51.066+05:00 level=ERROR msg="error getting statistics: rpc error: code = Unknown desc = failed to get kitchen statistics: top dishes retrieval failure: sql: no rows in result set"
time=2024-07-17T21:33:24.893+05:00 level=INFO msg="GetStatistics method is starting"
time=2024-07-17T21:33:24.896+05:00 level=ERROR msg="error getting statistics: rpc error: code = Unknown desc = failed to get kitchen statistics: top dishes retrieval failure: sql: no rows in result set"
time=2024-07-17T21:33:44.496+05:00 level=INFO msg="GetStatistics method is starting"
time=2024-07-17T21:33:44.500+05:00 level=INFO msg="GetStatistics method has finished successfully"
time=2024-07-17T21:34:42.314+05:00 level=INFO msg="GetNutrition method is starting"
time=2024-07-17T21:34:42.315+05:00 level=INFO msg="GetNutrition method has finished successfully"
time=2024-07-17T21:39:22.905+05:00 level=INFO msg="FetchKitchens method is starting"
time=2024-07-17T21:39:22.907+05:00 level=INFO msg="FetchKitchens method has finished successfully"
time=2024-07-17T21:51:40.229+05:00 level=INFO msg="FetchKitchens method is starting"
time=2024-07-17T21:51:40.234+05:00 level=INFO msg="FetchKitchens method has finished successfully"
time=2024-07-17T21:52:21.876+05:00 level=INFO msg="GetKitchen method is starting"
time=2024-07-17T21:52:21.876+05:00 level=ERROR msg="invalid kitchen id: invalid UUID length: 6"
time=2024-07-17T21:52:30.745+05:00 level=INFO msg="GetKitchen method is starting"
time=2024-07-17T21:52:30.745+05:00 level=ERROR msg="invalid kitchen id: invalid UUID length: 6"
time=2024-07-17T21:52:40.095+05:00 level=INFO msg="GetKitchen method is starting"
time=2024-07-17T21:52:40.095+05:00 level=ERROR msg="invalid kitchen id: invalid UUID length: 6"
time=2024-07-17T21:52:48.195+05:00 level=INFO msg="GetKitchen method is starting"
time=2024-07-17T21:52:48.195+05:00 level=ERROR msg="invalid kitchen id: invalid UUID length: 6"
time=2024-07-17T21:54:25.155+05:00 level=INFO msg="GetKitchen method is starting"
time=2024-07-17T21:54:25.155+05:00 level=ERROR msg="invalid kitchen id: invalid UUID length: 6"
time=2024-07-17T21:55:12.001+05:00 level=INFO msg="GetKitchen method is starting"
time=2024-07-17T21:55:12.001+05:00 level=ERROR msg="invalid kitchen id: invalid UUID length: 6"
time=2024-07-17T21:58:43.055+05:00 level=INFO msg="GetKitchen method is starting"
time=2024-07-17T21:58:43.055+05:00 level=ERROR msg="invalid kitchen id: invalid UUID length: 6"
time=2024-07-17T22:02:20.368+05:00 level=INFO msg="GetKitchen method is starting"
time=2024-07-17T22:02:20.369+05:00 level=ERROR msg="invalid kitchen id: invalid UUID length: 6"
time=2024-07-17T22:02:53.269+05:00 level=INFO msg="GetKitchen method is starting"
time=2024-07-17T22:02:53.269+05:00 level=ERROR msg="invalid kitchen id: invalid UUID length: 6"
time=2024-07-17T22:08:03.883+05:00 level=INFO msg="SearchKitchens method is starting"
time=2024-07-17T22:08:03.889+05:00 level=INFO msg="SearchKitchens method has finished successfully"
time=2024-07-17T22:11:20.375+05:00 level=INFO msg="SearchKitchens method is starting"
time=2024-07-17T22:11:20.375+05:00 level=ERROR msg="invalid search parameters: strconv.ParseFloat: parsing \"\": invalid syntax"
time=2024-07-17T22:11:36.810+05:00 level=INFO msg="SearchKitchens method is starting"
time=2024-07-17T22:11:36.814+05:00 level=INFO msg="SearchKitchens method has finished successfully"
time=2024-07-17T22:11:53.247+05:00 level=INFO msg="SearchKitchens method is starting"
time=2024-07-17T22:11:53.250+05:00 level=INFO msg="SearchKitchens method has finished successfully"
time=2024-07-17T22:12:07.664+05:00 level=INFO msg="SearchKitchens method is starting"
time=2024-07-17T22:12:07.666+05:00 level=INFO msg="SearchKitchens method has finished successfully"
time=2024-07-17T22:12:32.222+05:00 level=INFO msg="SearchKitchens method is starting"
time=2024-07-17T22:12:32.224+05:00 level=INFO msg="SearchKitchens method has finished successfully"
time=2024-07-17T22:13:36.997+05:00 level=INFO msg="SearchKitchens method is starting"
time=2024-07-17T22:13:36.999+05:00 level=INFO msg="SearchKitchens method has finished successfully"
time=2024-07-17T22:14:06.118+05:00 level=INFO msg="SearchKitchens method is starting"
time=2024-07-17T22:14:06.120+05:00 level=INFO msg="SearchKitchens method has finished successfully"
time=2024-07-17T22:17:33.770+05:00 level=INFO msg="FetchKitchens method is starting"
time=2024-07-17T22:17:33.772+05:00 level=INFO msg="FetchKitchens method has finished successfully"
time=2024-07-17T22:18:03.972+05:00 level=INFO msg="FetchKitchens method is starting"
time=2024-07-17T22:18:03.974+05:00 level=INFO msg="FetchKitchens method has finished successfully"
time=2024-07-17T22:18:24.728+05:00 level=INFO msg="FetchKitchens method is starting"
time=2024-07-17T22:18:24.730+05:00 level=INFO msg="FetchKitchens method has finished successfully"
time=2024-07-17T22:18:53.758+05:00 level=INFO msg="GetReviews method is starting"
time=2024-07-17T22:18:53.758+05:00 level=ERROR msg="invalid dish ID: invalid UUID length: 4"
time=2024-07-17T22:21:27.650+05:00 level=INFO msg="GetReviews method is starting"
time=2024-07-17T22:21:32.381+05:00 level=INFO msg="GetReviews method is starting"
time=2024-07-17T22:22:30.333+05:00 level=INFO msg="GetStatistics method is starting"
time=2024-07-17T22:22:30.339+05:00 level=ERROR msg="error getting statistics: rpc error: code = Unknown desc = failed to get kitchen statistics: top dishes retrieval failure: sql: no rows in result set"
time=2024-07-17T22:22:47.359+05:00 level=INFO msg="FetchDishes method is starting"
time=2024-07-17T22:22:47.363+05:00 level=INFO msg="FetchDishes method has finished successfully"
time=2024-07-17T22:23:10.231+05:00 level=INFO msg="GetKitchen method is starting"
time=2024-07-17T22:23:10.234+05:00 level=INFO msg="GetKitchen method has finished successfully"
time=2024-07-17T22:27:59.842+05:00 level=INFO msg="FetchDishes method is starting"
time=2024-07-17T22:27:59.846+05:00 level=INFO msg="FetchDishes method has finished successfully"
time=2024-08-19T18:24:45.028+05:00 level=INFO msg="GetUser method is starting"
time=2024-08-19T18:24:45.040+05:00 level=ERROR msg="error getting user: rpc error: code = Unknown desc = failed to get profile: reading failure: sql: no rows in result set"
time=2024-08-19T18:25:07.547+05:00 level=INFO msg="GetUser method is starting"
time=2024-08-19T18:25:07.547+05:00 level=ERROR msg="invalid user id: invalid UUID length: 37"
time=2024-08-19T18:25:13.201+05:00 level=INFO msg="GetUser method is starting"
time=2024-08-19T18:25:13.203+05:00 level=INFO msg="GetUser method has finished successfully"
time=2024-08-19T18:26:18.341+05:00 level=INFO msg="UpdateUser method is starting"
time=2024-08-19T18:26:18.355+05:00 level=INFO msg="UpdateUser method has finished successfully"
time=2024-08-19T18:27:54.836+05:00 level=INFO msg="GetUser method is starting"
time=2024-08-19T18:27:54.837+05:00 level=INFO msg="GetUser method has finished successfully"
time=2024-08-19T18:28:03.757+05:00 level=INFO msg="DeleteUser method is starting"
time=2024-08-19T18:28:03.771+05:00 level=INFO msg="DeleteUser method has finished successfully"
time=2024-08-19T18:28:09.398+05:00 level=INFO msg="GetUser method is starting"
time=2024-08-19T18:28:09.399+05:00 level=ERROR msg="error getting user: rpc error: code = Unknown desc = failed to get profile: reading failure: sql: no rows in result set"
time=2024-08-19T18:29:20.975+05:00 level=INFO msg="TrackActivity method is starting"
time=2024-08-19T18:29:20.975+05:00 level=ERROR msg="invalid start date: parsing time \"2024/01/01\" as \"2006-01-02\": cannot parse \"/01/01\" as \"-\""
time=2024-08-19T18:29:36.794+05:00 level=INFO msg="TrackActivity method is starting"
time=2024-08-19T18:29:36.817+05:00 level=ERROR msg="error tracking activity: rpc error: code = Unknown desc = failed to track user activity: dishes retrieval failure: sql: no rows in result set"
time=2024-08-19T18:32:15.054+05:00 level=INFO msg="TrackActivity method is starting"
time=2024-08-19T18:32:15.056+05:00 level=ERROR msg="error tracking activity: rpc error: code = Unknown desc = failed to track user activity: dishes retrieval failure: sql: no rows in result set"
time=2024-08-19T18:33:36.001+05:00 level=INFO msg="TrackActivity method is starting"
time=2024-08-19T18:33:36.009+05:00 level=INFO msg="TrackActivity method has finished successfully"
time=2024-08-19T18:35:56.369+05:00 level=INFO msg="CreateDish method is starting"
time=2024-08-19T18:35:56.373+05:00 level=ERROR msg="error creating dish: rpc error: code = Unknown desc = failed to validate kitchen: kitchen not found"
time=2024-08-19T18:42:24.093+05:00 level=INFO msg="CreateDish method is starting"
time=2024-08-19T18:42:24.107+05:00 level=INFO msg="CreateDish method has finished successfully"
time=2024-08-19T18:42:40.926+05:00 level=INFO msg="GetDish method is starting"
time=2024-08-19T18:42:40.927+05:00 level=INFO msg="GetDish method has finished successfully"
time=2024-08-19T18:43:05.640+05:00 level=INFO msg="UpdateDish method is starting"
time=2024-08-19T18:43:05.653+05:00 level=INFO msg="UpdateDish method has finished successfully"
time=2024-08-19T18:43:11.913+05:00 level=INFO msg="GetDish method is starting"
time=2024-08-19T18:43:11.915+05:00 level=INFO msg="GetDish method has finished successfully"
time=2024-08-19T18:43:35.999+05:00 level=INFO msg="DeleteDish method is starting"
time=2024-08-19T18:43:36.011+05:00 level=INFO msg="DeleteDish method has finished successfully"
time=2024-08-19T18:43:40.094+05:00 level=INFO msg="GetDish method is starting"
time=2024-08-19T18:43:40.096+05:00 level=ERROR msg="error getting dish: rpc error: code = Unknown desc = failed to read dish: reading failure: sql: no rows in result set"
time=2024-08-19T18:44:11.617+05:00 level=INFO msg="GetNutrition method is starting"
time=2024-08-19T18:44:11.619+05:00 level=INFO msg="GetNutrition method has finished successfully"
time=2024-08-19T18:44:43.159+05:00 level=INFO msg="GetNutrition method is starting"
time=2024-08-19T18:44:43.161+05:00 level=INFO msg="GetNutrition method has finished successfully"
time=2024-08-19T18:45:31.747+05:00 level=INFO msg="FetchOrdersForKitchen method is starting"
time=2024-08-19T18:45:31.750+05:00 level=INFO msg="FetchOrdersForKitchen method has finished successfully"
time=2024-08-19T18:46:09.898+05:00 level=INFO msg="FetchOrdersForKitchen method is starting"
time=2024-08-19T18:46:09.904+05:00 level=INFO msg="FetchOrdersForKitchen method has finished successfully"
time=2024-08-19T18:46:31.442+05:00 level=INFO msg="FetchOrdersForKitchen method is starting"
time=2024-08-19T18:46:31.444+05:00 level=INFO msg="FetchOrdersForKitchen method has finished successfully"
time=2024-08-19T18:46:46.907+05:00 level=INFO msg="FetchOrdersForCustomer method is starting"
time=2024-08-19T18:46:46.916+05:00 level=INFO msg="FetchOrdersForCustomer method has finished successfully"
time=2024-08-19T18:48:49.033+05:00 level=INFO msg="CreateOrder method is starting"
time=2024-08-19T18:48:49.035+05:00 level=ERROR msg="error creating order: rpc error: code = Unknown desc = failed to make order: name and price retrieval failure: sql: no rows in result set"
time=2024-08-19T18:51:34.867+05:00 level=INFO msg="CreateOrder method is starting"
time=2024-08-19T18:51:34.870+05:00 level=ERROR msg="error creating order: rpc error: code = Unknown desc = failed to make order: insertion failure: pq: invalid input syntax for type timestamp with time zone: \"test\""
time=2024-08-19T18:51:54.270+05:00 level=INFO msg="CreateOrder method is starting"
time=2024-08-19T18:51:54.283+05:00 level=INFO msg="Order created successfully"
time=2024-08-19T18:52:10.912+05:00 level=INFO msg="GetOrderByID method is starting"
time=2024-08-19T18:52:10.925+05:00 level=ERROR msg="error getting order: rpc error: code = Unknown desc = failed to get kitchen name: rpc error: code = Unknown desc = failed to get kitchen: reading failure: pq: invalid input syntax for type uuid: \"\""
time=2024-08-19T18:52:41.119+05:00 level=INFO msg="GetOrderByID method is starting"
time=2024-08-19T18:52:41.122+05:00 level=ERROR msg="error getting order: rpc error: code = Unknown desc = failed to get kitchen name: rpc error: code = Unknown desc = failed to get kitchen: reading failure: pq: invalid input syntax for type uuid: \"\""
time=2024-08-19T18:56:07.796+05:00 level=INFO msg="GetOrderByID method is starting"
time=2024-08-19T18:56:07.803+05:00 level=INFO msg="GetOrderByID method has finished successfully"
time=2024-08-19T18:56:35.377+05:00 level=INFO msg="FetchOrdersForCustomer method is starting"
time=2024-08-19T18:56:35.391+05:00 level=INFO msg="FetchOrdersForCustomer method has finished successfully"
time=2024-08-19T18:57:59.490+05:00 level=INFO msg="ChangeStatus method is starting"
time=2024-08-19T18:57:59.505+05:00 level=INFO msg="ChangeStatus method has finished successfully"
time=2024-08-19T18:58:33.007+05:00 level=INFO msg="CreatePayment method is starting"
time=2024-08-19T18:58:33.007+05:00 level=ERROR msg="invalid card number"
time=2024-08-19T19:00:13.251+05:00 level=INFO msg="CreatePayment method is starting"
time=2024-08-19T19:00:13.251+05:00 level=ERROR msg="invalid expiry date: parsing time \"01/26\" as \"2006-01-02\": cannot parse \"01/26\" as \"2006\""
time=2024-08-19T19:00:58.119+05:00 level=INFO msg="CreatePayment method is starting"
time=2024-08-19T19:00:58.131+05:00 level=ERROR msg="error creating payment: rpc error: code = Unknown desc = failed to make payment: insertion failure: pq: value too long for type character varying(5)"
time=2024-08-19T19:12:48.687+05:00 level=INFO msg="CreatePayment method is starting"
time=2024-08-19T19:12:48.703+05:00 level=ERROR msg="error creating payment: rpc error: code = Unknown desc = failed to update revenue: rpc error: code = Unknown desc = failed to update revenue: revenue update failure: pq: column \"revenue\" does not exist"
time=2024-08-19T19:15:50.552+05:00 level=INFO msg="CreatePayment method is starting"
time=2024-08-19T19:16:12.113+05:00 level=INFO msg="GetPayment method is starting"
time=2024-08-19T19:17:00.595+05:00 level=INFO msg="CreateReview method is starting"
time=2024-08-19T19:17:29.603+05:00 level=INFO msg="GetReviews method is starting"
time=2024-08-19T19:17:29.615+05:00 level=ERROR msg="error getting reviews: rpc error: code = Unknown desc = failed to get username: rpc error: code = Unknown desc = failed to get profile: reading failure: sql: no rows in result set"
time=2024-08-19T19:19:51.524+05:00 level=INFO msg="GetReviews method is starting"
time=2024-08-19T19:19:51.527+05:00 level=ERROR msg="error getting reviews: rpc error: code = Unknown desc = failed to get username: rpc error: code = Unknown desc = failed to get profile: reading failure: sql: no rows in result set"
time=2024-08-19T19:26:21.500+05:00 level=INFO msg="GetReviews method is starting"
time=2024-08-19T19:26:21.503+05:00 level=ERROR msg="error getting reviews: rpc error: code = Unknown desc = failed to get username: rpc error: code = Unknown desc = failed to get profile: reading failure: sql: no rows in result set"
time=2024-08-19T19:29:47.073+05:00 level=INFO msg="GetReviews method is starting"
time=2024-08-19T19:30:47.182+05:00 level=INFO msg="FetchOrdersForKitchen method is starting"
time=2024-08-19T19:30:47.182+05:00 level=ERROR msg="invalid dish ID: invalid UUID length: 33"
time=2024-08-19T19:39:11.422+05:00 level=INFO msg="FetchOrdersForKitchen method is starting"
time=2024-08-19T19:39:11.424+05:00 level=INFO msg="FetchOrdersForKitchen method has finished successfully"
time=2024-08-19T19:39:24.224+05:00 level=INFO msg="FetchOrdersForKitchen method is starting"
time=2024-08-19T19:39:24.225+05:00 level=INFO msg="FetchOrdersForKitchen method has finished successfully"
time=2024-08-19T19:40:17.983+05:00 level=INFO msg="FetchOrdersForKitchen method is starting"
time=2024-08-19T19:40:17.985+05:00 level=INFO msg="FetchOrdersForKitchen method has finished successfully"
time=2024-08-19T19:40:27.832+05:00 level=INFO msg="FetchOrdersForKitchen method is starting"
time=2024-08-19T19:40:27.833+05:00 level=INFO msg="FetchOrdersForKitchen method has finished successfully"
time=2024-08-19T19:40:32.636+05:00 level=INFO msg="FetchOrdersForKitchen method is starting"
time=2024-08-19T19:40:32.637+05:00 level=INFO msg="FetchOrdersForKitchen method has finished successfully"
time=2024-08-19T19:40:38.458+05:00 level=INFO msg="FetchOrdersForKitchen method is starting"
time=2024-08-19T19:40:38.460+05:00 level=INFO msg="FetchOrdersForKitchen method has finished successfully"
time=2024-08-19T19:40:53.354+05:00 level=INFO msg="FetchOrdersForKitchen method is starting"
time=2024-08-19T19:40:53.356+05:00 level=INFO msg="FetchOrdersForKitchen method has finished successfully"
time=2024-08-19T19:41:00.096+05:00 level=INFO msg="FetchOrdersForKitchen method is starting"
time=2024-08-19T19:41:00.099+05:00 level=INFO msg="FetchOrdersForKitchen method has finished successfully"
time=2024-08-19T19:41:46.951+05:00 level=INFO msg="GetReviews method is starting"
time=2024-08-19T19:42:04.962+05:00 level=INFO msg="FetchKitchens method is starting"
time=2024-08-19T19:42:04.964+05:00 level=INFO msg="FetchKitchens method has finished successfully"
time=2024-08-19T19:43:24.445+05:00 level=INFO msg="FetchKitchens method is starting"
time=2024-08-19T19:43:24.446+05:00 level=INFO msg="FetchKitchens method has finished successfully"
time=2024-08-19T19:43:54.183+05:00 level=INFO msg="FetchKitchens method is starting"
time=2024-08-19T19:43:54.184+05:00 level=INFO msg="FetchKitchens method has finished successfully"
time=2024-08-19T19:46:15.860+05:00 level=INFO msg="CreateKitchen method is starting"
time=2024-08-19T19:46:15.872+05:00 level=INFO msg="CreateKitchen method has finished successfully"
time=2024-08-19T19:46:33.387+05:00 level=INFO msg="GetKitchen method is starting"
time=2024-08-19T19:46:33.388+05:00 level=INFO msg="GetKitchen method has finished successfully"
time=2024-08-19T19:47:18.169+05:00 level=INFO msg="UpdateKitchen method is starting"
time=2024-08-19T19:47:18.170+05:00 level=ERROR msg="error updating kitchen: rpc error: code = Unknown desc = failed to update kitchen: update failure: pq: invalid input syntax for type uuid: \"\""
time=2024-08-19T19:47:45.835+05:00 level=INFO msg="UpdateKitchen method is starting"
time=2024-08-19T19:47:45.836+05:00 level=ERROR msg="error updating kitchen: rpc error: code = Unknown desc = failed to update kitchen: update failure: pq: invalid input syntax for type uuid: \"\""
time=2024-08-19T19:48:44.096+05:00 level=INFO msg="UpdateKitchen method is starting"
time=2024-08-19T19:48:44.098+05:00 level=ERROR msg="error updating kitchen: rpc error: code = Unknown desc = failed to update kitchen: update failure: pq: invalid input syntax for type uuid: \"\""
time=2024-08-19T19:50:44.182+05:00 level=INFO msg="UpdateKitchen method is starting"
time=2024-08-19T19:50:44.195+05:00 level=INFO msg="UpdateKitchen method has finished successfully"
time=2024-08-19T19:50:53.846+05:00 level=INFO msg="GetKitchen method is starting"
time=2024-08-19T19:50:53.847+05:00 level=INFO msg="GetKitchen method has finished successfully"
time=2024-08-19T19:51:07.695+05:00 level=INFO msg="DeleteKitchen method is starting"
time=2024-08-19T19:51:07.706+05:00 level=INFO msg="DeleteKitchen method has finished successfully"
time=2024-08-19T19:51:10.596+05:00 level=INFO msg="DeleteKitchen method is starting"
time=2024-08-19T19:51:10.597+05:00 level=INFO msg="DeleteKitchen method has finished successfully"
time=2024-08-19T19:51:12.847+05:00 level=INFO msg="DeleteKitchen method is starting"
time=2024-08-19T19:51:12.848+05:00 level=INFO msg="DeleteKitchen method has finished successfully"
time=2024-08-19T19:51:17.142+05:00 level=INFO msg="GetKitchen method is starting"
time=2024-08-19T19:51:17.151+05:00 level=ERROR msg="error getting kitchen: rpc error: code = Unknown desc = failed to get kitchen: reading failure: sql: no rows in result set"
time=2024-08-19T19:54:44.572+05:00 level=INFO msg="SetWorkingHours method is starting"
time=2024-08-19T19:54:44.587+05:00 level=ERROR msg="error setting working hours: rpc error: code = Unknown desc = failed to set working hours: working hours set failure: pq: duplicate key value violates unique constraint \"working_hours_pkey\""
time=2024-08-19T19:58:18.919+05:00 level=INFO msg="SetWorkingHours method is starting"
time=2024-08-19T19:58:18.934+05:00 level=INFO msg="SetWorkingHours method has finished successfully"
time=2024-08-19T20:01:06.957+05:00 level=INFO msg="GetStatistics method is starting"
time=2024-08-19T20:01:06.959+05:00 level=INFO msg="GetStatistics method has finished successfully"
time=2024-08-19T20:01:22.483+05:00 level=INFO msg="GetStatistics method is starting"
time=2024-08-19T20:01:22.485+05:00 level=ERROR msg="error getting statistics: rpc error: code = Unknown desc = failed to get kitchen statistics: top dishes retrieval failure: sql: no rows in result set"
time=2024-08-19T20:01:27.827+05:00 level=INFO msg="GetStatistics method is starting"
time=2024-08-19T20:01:27.828+05:00 level=INFO msg="GetStatistics method has finished successfully"
time=2024-08-19T20:02:12.331+05:00 level=INFO msg="SearchKitchens method is starting"
time=2024-08-19T20:02:12.331+05:00 level=ERROR msg="invalid search parameters: strconv.ParseFloat: parsing \"\": invalid syntax"
time=2024-08-19T20:03:53.578+05:00 level=INFO msg="SearchKitchens method is starting"
time=2024-08-19T20:03:53.578+05:00 level=ERROR msg="invalid search parameters: strconv.ParseFloat: parsing \"\": invalid syntax"
time=2024-08-19T20:05:49.075+05:00 level=INFO msg="SearchKitchens method is starting"
time=2024-08-19T20:05:49.086+05:00 level=INFO msg="SearchKitchens method has finished successfully"
time=2024-08-19T20:05:58.251+05:00 level=INFO msg="SearchKitchens method is starting"
time=2024-08-19T20:05:58.251+05:00 level=ERROR msg="invalid search parameters"
time=2024-08-19T20:06:04.884+05:00 level=INFO msg="SearchKitchens method is starting"
time=2024-08-19T20:06:04.885+05:00 level=INFO msg="SearchKitchens method has finished successfully"
time=2024-08-19T20:06:22.187+05:00 level=INFO msg="SearchKitchens method is starting"
time=2024-08-19T20:06:22.188+05:00 level=INFO msg="SearchKitchens method has finished successfully"
time=2024-08-19T20:06:31.860+05:00 level=INFO msg="SearchKitchens method is starting"
time=2024-08-19T20:06:31.861+05:00 level=INFO msg="SearchKitchens method has finished successfully"
