time=2024-08-19T18:29:36.796+05:00 level=INFO msg="Tracking user activity"
time=2024-08-19T18:29:36.817+05:00 level=ERROR msg="failed to track user activity: dishes retrieval failure: sql: no rows in result set"
time=2024-08-19T18:32:15.055+05:00 level=INFO msg="Tracking user activity"
time=2024-08-19T18:32:15.056+05:00 level=ERROR msg="failed to track user activity: dishes retrieval failure: sql: no rows in result set"
time=2024-08-19T18:33:36.002+05:00 level=INFO msg="Tracking user activity"
time=2024-08-19T18:35:56.371+05:00 level=INFO msg="Adding new dish"
time=2024-08-19T18:35:56.372+05:00 level=ERROR msg="rpc error: code = Unknown desc = failed to validate kitchen: kitchen not found"
time=2024-08-19T18:42:24.094+05:00 level=INFO msg="Adding new dish"
time=2024-08-19T18:42:24.095+05:00 level=INFO msg="Kitchen exists"
time=2024-08-19T18:42:24.106+05:00 level=INFO msg="New dish added"
time=2024-08-19T18:42:40.926+05:00 level=INFO msg="Reading dish"
time=2024-08-19T18:42:40.927+05:00 level=INFO msg="Dish read"
time=2024-08-19T18:43:05.641+05:00 level=INFO msg="Updating dish"
time=2024-08-19T18:43:05.652+05:00 level=INFO msg="Dish updated"
time=2024-08-19T18:43:11.913+05:00 level=INFO msg="Reading dish"
time=2024-08-19T18:43:11.915+05:00 level=INFO msg="Dish read"
time=2024-08-19T18:43:36.000+05:00 level=INFO msg="Deleting dish"
time=2024-08-19T18:43:36.011+05:00 level=INFO msg="Dish deleted"
time=2024-08-19T18:43:40.095+05:00 level=INFO msg="Reading dish"
time=2024-08-19T18:43:40.096+05:00 level=ERROR msg="failed to read dish: reading failure: sql: no rows in result set"
time=2024-08-19T18:44:11.617+05:00 level=INFO msg="Getting dish's nutrition info"
time=2024-08-19T18:44:43.160+05:00 level=INFO msg="Getting dish's nutrition info"
time=2024-08-19T18:45:31.749+05:00 level=INFO msg="Fetching orders for kitchen"
time=2024-08-19T18:45:31.749+05:00 level=INFO msg="Orders fetched"
time=2024-08-19T18:46:09.899+05:00 level=INFO msg="Fetching orders for kitchen"
time=2024-08-19T18:46:09.904+05:00 level=INFO msg="Orders fetched"
time=2024-08-19T18:46:31.443+05:00 level=INFO msg="Fetching orders for kitchen"
time=2024-08-19T18:46:31.443+05:00 level=INFO msg="Orders fetched"
time=2024-08-19T18:46:46.907+05:00 level=INFO msg="Fetching orders for customer"
time=2024-08-19T18:46:46.915+05:00 level=INFO msg="Orders fetched"
time=2024-08-19T18:48:49.034+05:00 level=INFO msg="Making order"
time=2024-08-19T18:48:49.035+05:00 level=ERROR msg="failed to make order: name and price retrieval failure: sql: no rows in result set"
time=2024-08-19T18:51:34.868+05:00 level=INFO msg="Making order"
time=2024-08-19T18:51:34.869+05:00 level=ERROR msg="failed to make order: insertion failure: pq: invalid input syntax for type timestamp with time zone: \"test\""
time=2024-08-19T18:51:54.270+05:00 level=INFO msg="Making order"
time=2024-08-19T18:51:54.283+05:00 level=INFO msg="Order made"
time=2024-08-19T18:52:10.913+05:00 level=INFO msg="Getting order"
time=2024-08-19T18:52:10.924+05:00 level=ERROR msg="failed to get kitchen name: rpc error: code = Unknown desc = failed to get kitchen: reading failure: pq: invalid input syntax for type uuid: \"\""
time=2024-08-19T18:52:41.119+05:00 level=INFO msg="Getting order"
time=2024-08-19T18:52:41.122+05:00 level=ERROR msg="failed to get kitchen name: rpc error: code = Unknown desc = failed to get kitchen: reading failure: pq: invalid input syntax for type uuid: \"\""
time=2024-08-19T18:56:07.798+05:00 level=INFO msg="Getting order"
time=2024-08-19T18:56:07.803+05:00 level=INFO msg="Order retrieved"
time=2024-08-19T18:56:35.377+05:00 level=INFO msg="Fetching orders for customer"
time=2024-08-19T18:56:35.390+05:00 level=INFO msg="Orders fetched"
time=2024-08-19T18:57:59.492+05:00 level=INFO msg="Changing order status"
time=2024-08-19T18:57:59.504+05:00 level=INFO msg="Order status changed"
time=2024-08-19T19:00:58.120+05:00 level=INFO msg="Making payment"
time=2024-08-19T19:00:58.131+05:00 level=ERROR msg="failed to make payment: insertion failure: pq: value too long for type character varying(5)"
time=2024-08-19T19:12:48.688+05:00 level=INFO msg="Making payment"
time=2024-08-19T19:12:48.703+05:00 level=ERROR msg="failed to update revenue: rpc error: code = Unknown desc = failed to update revenue: revenue update failure: pq: column \"revenue\" does not exist"
time=2024-08-19T19:15:50.552+05:00 level=INFO msg="Making payment"
time=2024-08-19T19:15:50.570+05:00 level=INFO msg="Payment made"
time=2024-08-19T19:16:12.113+05:00 level=INFO msg="Getting payment"
time=2024-08-19T19:16:12.114+05:00 level=INFO msg="Payment gotten"
time=2024-08-19T19:17:00.597+05:00 level=INFO msg="Creating review"
time=2024-08-19T19:17:00.612+05:00 level=INFO msg="Review created"
time=2024-08-19T19:17:29.604+05:00 level=INFO msg="Getting reviews of kitchen"
time=2024-08-19T19:17:29.615+05:00 level=ERROR msg="failed to get username: rpc error: code = Unknown desc = failed to get profile: reading failure: sql: no rows in result set"
time=2024-08-19T19:19:51.524+05:00 level=INFO msg="Getting reviews of kitchen"
time=2024-08-19T19:19:51.527+05:00 level=ERROR msg="failed to get username: rpc error: code = Unknown desc = failed to get profile: reading failure: sql: no rows in result set"
time=2024-08-19T19:26:21.500+05:00 level=INFO msg="Getting reviews of kitchen"
time=2024-08-19T19:26:21.502+05:00 level=ERROR msg="failed to get username: rpc error: code = Unknown desc = failed to get profile: reading failure: sql: no rows in result set"
time=2024-08-19T19:29:47.073+05:00 level=INFO msg="Getting reviews of kitchen"
time=2024-08-19T19:29:47.075+05:00 level=INFO msg="Reviews of kitchen received"
time=2024-08-19T19:39:11.423+05:00 level=INFO msg="Fetching orders for kitchen"
time=2024-08-19T19:39:11.424+05:00 level=INFO msg="Orders fetched"
time=2024-08-19T19:39:24.224+05:00 level=INFO msg="Fetching orders for kitchen"
time=2024-08-19T19:39:24.225+05:00 level=INFO msg="Orders fetched"
time=2024-08-19T19:40:17.983+05:00 level=INFO msg="Fetching orders for kitchen"
time=2024-08-19T19:40:17.985+05:00 level=INFO msg="Orders fetched"
time=2024-08-19T19:40:27.832+05:00 level=INFO msg="Fetching orders for kitchen"
time=2024-08-19T19:40:27.833+05:00 level=INFO msg="Orders fetched"
time=2024-08-19T19:40:32.636+05:00 level=INFO msg="Fetching orders for kitchen"
time=2024-08-19T19:40:32.637+05:00 level=INFO msg="Orders fetched"
time=2024-08-19T19:40:38.458+05:00 level=INFO msg="Fetching orders for kitchen"
time=2024-08-19T19:40:38.459+05:00 level=INFO msg="Orders fetched"
time=2024-08-19T19:40:53.355+05:00 level=INFO msg="Fetching orders for kitchen"
time=2024-08-19T19:40:53.356+05:00 level=INFO msg="Orders fetched"
time=2024-08-19T19:41:00.096+05:00 level=INFO msg="Fetching orders for kitchen"
time=2024-08-19T19:41:00.098+05:00 level=INFO msg="Orders fetched"
time=2024-08-19T19:41:46.951+05:00 level=INFO msg="Getting reviews of kitchen"
time=2024-08-19T19:41:46.953+05:00 level=INFO msg="Reviews of kitchen received"
time=2024-08-19T19:54:44.573+05:00 level=INFO msg="Setting kitchen working hours"
time=2024-08-19T19:54:44.587+05:00 level=ERROR msg="failed to set working hours: working hours set failure: pq: duplicate key value violates unique constraint \"working_hours_pkey\""
time=2024-08-19T19:58:18.920+05:00 level=INFO msg="Setting kitchen working hours"
time=2024-08-19T20:01:06.957+05:00 level=INFO msg="Getting kitchen statistics"
time=2024-08-19T20:01:22.483+05:00 level=INFO msg="Getting kitchen statistics"
time=2024-08-19T20:01:22.484+05:00 level=ERROR msg="failed to get kitchen statistics: top dishes retrieval failure: sql: no rows in result set"
time=2024-08-19T20:01:27.827+05:00 level=INFO msg="Getting kitchen statistics"
