time=2024-08-19T18:23:40.511+05:00 level=INFO msg="Login function is starting"
time=2024-08-19T18:23:40.514+05:00 level=INFO msg="Login method is starting"
time=2024-08-19T18:23:40.525+05:00 level=ERROR msg="failed to find user: reading failure: sql: no rows in result set"
time=2024-08-19T18:23:40.526+05:00 level=ERROR msg="error logging in user: rpc error: code = Unknown desc = failed to find user: reading failure: sql: no rows in result set"
time=2024-08-19T18:24:15.817+05:00 level=INFO msg="Login function is starting"
time=2024-08-19T18:24:15.817+05:00 level=INFO msg="Login method is starting"
time=2024-08-19T18:24:15.818+05:00 level=INFO msg="Login has successfully finished"
time=2024-08-19T18:24:15.818+05:00 level=INFO msg="Login has successfully finished"
time=2024-08-19T18:24:45.030+05:00 level=INFO msg="GetProfile method is starting"
time=2024-08-19T18:24:45.040+05:00 level=ERROR msg="failed to get profile: reading failure: sql: no rows in result set"
time=2024-08-19T18:25:13.201+05:00 level=INFO msg="GetProfile method is starting"
time=2024-08-19T18:25:13.202+05:00 level=INFO msg="GetProfile has successfully finished"
time=2024-08-19T18:26:18.342+05:00 level=INFO msg="UpdateProfile method is starting"
time=2024-08-19T18:26:18.355+05:00 level=INFO msg="UpdateProfile has successfully finished"
time=2024-08-19T18:27:54.836+05:00 level=INFO msg="GetProfile method is starting"
time=2024-08-19T18:27:54.837+05:00 level=INFO msg="GetProfile has successfully finished"
time=2024-08-19T18:28:03.757+05:00 level=INFO msg="DeleteProfile method is starting"
time=2024-08-19T18:28:03.770+05:00 level=INFO msg="DeleteProfile has successfully finished"
time=2024-08-19T18:28:09.398+05:00 level=INFO msg="GetProfile method is starting"
time=2024-08-19T18:28:09.399+05:00 level=ERROR msg="failed to get profile: reading failure: sql: no rows in result set"
time=2024-08-19T18:33:36.007+05:00 level=INFO msg="GetName method is starting"
time=2024-08-19T18:33:36.008+05:00 level=INFO msg="GetName has successfully finished"
time=2024-08-19T18:35:56.372+05:00 level=INFO msg="ValidateKitchen method is starting"
time=2024-08-19T18:35:56.372+05:00 level=ERROR msg="failed to validate kitchen: kitchen not found"
time=2024-08-19T18:42:24.094+05:00 level=INFO msg="ValidateKitchen method is starting"
time=2024-08-19T18:42:24.095+05:00 level=INFO msg="ValidateKitchen has successfully finished"
time=2024-08-19T18:46:09.901+05:00 level=INFO msg="GetProfile method is starting"
time=2024-08-19T18:46:09.902+05:00 level=INFO msg="GetProfile has successfully finished"
time=2024-08-19T18:46:09.902+05:00 level=INFO msg="GetProfile method is starting"
time=2024-08-19T18:46:09.903+05:00 level=INFO msg="GetProfile has successfully finished"
time=2024-08-19T18:46:09.903+05:00 level=INFO msg="GetProfile method is starting"
time=2024-08-19T18:46:09.904+05:00 level=INFO msg="GetProfile has successfully finished"
time=2024-08-19T18:46:46.908+05:00 level=INFO msg="GetKitchen method is starting"
time=2024-08-19T18:46:46.910+05:00 level=INFO msg="GetKitchen has successfully finished"
time=2024-08-19T18:46:46.910+05:00 level=INFO msg="GetKitchen method is starting"
time=2024-08-19T18:46:46.911+05:00 level=INFO msg="GetKitchen has successfully finished"
time=2024-08-19T18:46:46.911+05:00 level=INFO msg="GetKitchen method is starting"
time=2024-08-19T18:46:46.911+05:00 level=INFO msg="GetKitchen has successfully finished"
time=2024-08-19T18:46:46.912+05:00 level=INFO msg="GetKitchen method is starting"
time=2024-08-19T18:46:46.912+05:00 level=INFO msg="GetKitchen has successfully finished"
time=2024-08-19T18:46:46.912+05:00 level=INFO msg="GetKitchen method is starting"
time=2024-08-19T18:46:46.913+05:00 level=INFO msg="GetKitchen has successfully finished"
time=2024-08-19T18:46:46.913+05:00 level=INFO msg="GetKitchen method is starting"
time=2024-08-19T18:46:46.913+05:00 level=INFO msg="GetKitchen has successfully finished"
time=2024-08-19T18:46:46.913+05:00 level=INFO msg="GetKitchen method is starting"
time=2024-08-19T18:46:46.913+05:00 level=INFO msg="GetKitchen has successfully finished"
time=2024-08-19T18:46:46.914+05:00 level=INFO msg="GetKitchen method is starting"
time=2024-08-19T18:46:46.914+05:00 level=INFO msg="GetKitchen has successfully finished"
time=2024-08-19T18:46:46.914+05:00 level=INFO msg="GetKitchen method is starting"
time=2024-08-19T18:46:46.914+05:00 level=INFO msg="GetKitchen has successfully finished"
time=2024-08-19T18:46:46.915+05:00 level=INFO msg="GetKitchen method is starting"
time=2024-08-19T18:46:46.915+05:00 level=INFO msg="GetKitchen has successfully finished"
time=2024-08-19T18:52:10.915+05:00 level=INFO msg="GetKitchen method is starting"
time=2024-08-19T18:52:10.924+05:00 level=ERROR msg="failed to get kitchen: reading failure: pq: invalid input syntax for type uuid: \"\""
time=2024-08-19T18:52:41.121+05:00 level=INFO msg="GetKitchen method is starting"
time=2024-08-19T18:52:41.122+05:00 level=ERROR msg="failed to get kitchen: reading failure: pq: invalid input syntax for type uuid: \"\""
time=2024-08-19T18:56:07.802+05:00 level=INFO msg="GetKitchen method is starting"
time=2024-08-19T18:56:07.802+05:00 level=INFO msg="GetKitchen has successfully finished"
time=2024-08-19T18:56:35.379+05:00 level=INFO msg="GetKitchen method is starting"
time=2024-08-19T18:56:35.380+05:00 level=INFO msg="GetKitchen has successfully finished"
time=2024-08-19T18:56:35.380+05:00 level=INFO msg="GetKitchen method is starting"
time=2024-08-19T18:56:35.381+05:00 level=INFO msg="GetKitchen has successfully finished"
time=2024-08-19T18:56:35.381+05:00 level=INFO msg="GetKitchen method is starting"
time=2024-08-19T18:56:35.382+05:00 level=INFO msg="GetKitchen has successfully finished"
time=2024-08-19T18:56:35.383+05:00 level=INFO msg="GetKitchen method is starting"
time=2024-08-19T18:56:35.383+05:00 level=INFO msg="GetKitchen has successfully finished"
time=2024-08-19T18:56:35.384+05:00 level=INFO msg="GetKitchen method is starting"
time=2024-08-19T18:56:35.384+05:00 level=INFO msg="GetKitchen has successfully finished"
time=2024-08-19T18:56:35.385+05:00 level=INFO msg="GetKitchen method is starting"
time=2024-08-19T18:56:35.385+05:00 level=INFO msg="GetKitchen has successfully finished"
time=2024-08-19T18:56:35.386+05:00 level=INFO msg="GetKitchen method is starting"
time=2024-08-19T18:56:35.387+05:00 level=INFO msg="GetKitchen has successfully finished"
time=2024-08-19T18:56:35.387+05:00 level=INFO msg="GetKitchen method is starting"
time=2024-08-19T18:56:35.388+05:00 level=INFO msg="GetKitchen has successfully finished"
time=2024-08-19T18:56:35.389+05:00 level=INFO msg="GetKitchen method is starting"
time=2024-08-19T18:56:35.389+05:00 level=INFO msg="GetKitchen has successfully finished"
time=2024-08-19T18:56:35.390+05:00 level=INFO msg="GetKitchen method is starting"
time=2024-08-19T18:56:35.390+05:00 level=INFO msg="GetKitchen has successfully finished"
time=2024-08-19T19:12:48.700+05:00 level=INFO msg="IncrementTotalOrders method is starting"
time=2024-08-19T19:12:48.702+05:00 level=INFO msg="IncrementTotalOrders has successfully finished"
time=2024-08-19T19:12:48.703+05:00 level=INFO msg="UpdateRevenue method is starting"
time=2024-08-19T19:12:48.703+05:00 level=ERROR msg="failed to update revenue: revenue update failure: pq: column \"revenue\" does not exist"
time=2024-08-19T19:15:50.564+05:00 level=INFO msg="IncrementTotalOrders method is starting"
time=2024-08-19T19:15:50.567+05:00 level=INFO msg="IncrementTotalOrders has successfully finished"
time=2024-08-19T19:15:50.567+05:00 level=INFO msg="UpdateRevenue method is starting"
time=2024-08-19T19:15:50.570+05:00 level=INFO msg="UpdateRevenue has successfully finished"
time=2024-08-19T19:17:00.610+05:00 level=INFO msg="UpdateRating method is starting"
time=2024-08-19T19:17:00.612+05:00 level=INFO msg="UpdateRating has successfully finished"
time=2024-08-19T19:17:29.614+05:00 level=INFO msg="GetProfile method is starting"
time=2024-08-19T19:17:29.614+05:00 level=INFO msg="GetProfile has successfully finished"
time=2024-08-19T19:17:29.615+05:00 level=INFO msg="GetProfile method is starting"
time=2024-08-19T19:17:29.615+05:00 level=ERROR msg="failed to get profile: reading failure: sql: no rows in result set"
time=2024-08-19T19:19:51.526+05:00 level=INFO msg="GetProfile method is starting"
time=2024-08-19T19:19:51.527+05:00 level=INFO msg="GetProfile has successfully finished"
time=2024-08-19T19:19:51.527+05:00 level=INFO msg="GetProfile method is starting"
time=2024-08-19T19:19:51.527+05:00 level=ERROR msg="failed to get profile: reading failure: sql: no rows in result set"
time=2024-08-19T19:25:20.106+05:00 level=INFO msg="Login function is starting"
time=2024-08-19T19:25:20.107+05:00 level=INFO msg="Login method is starting"
time=2024-08-19T19:25:20.108+05:00 level=INFO msg="Login has successfully finished"
time=2024-08-19T19:25:20.108+05:00 level=INFO msg="Login has successfully finished"
time=2024-08-19T19:26:21.502+05:00 level=INFO msg="GetProfile method is starting"
time=2024-08-19T19:26:21.502+05:00 level=INFO msg="GetProfile has successfully finished"
time=2024-08-19T19:26:21.502+05:00 level=INFO msg="GetProfile method is starting"
time=2024-08-19T19:26:21.502+05:00 level=ERROR msg="failed to get profile: reading failure: sql: no rows in result set"
time=2024-08-19T19:29:47.074+05:00 level=INFO msg="GetProfile method is starting"
time=2024-08-19T19:29:47.075+05:00 level=INFO msg="GetProfile has successfully finished"
time=2024-08-19T19:29:47.075+05:00 level=INFO msg="GetProfile method is starting"
time=2024-08-19T19:29:47.075+05:00 level=INFO msg="GetProfile has successfully finished"
time=2024-08-19T19:40:17.984+05:00 level=INFO msg="GetProfile method is starting"
time=2024-08-19T19:40:17.985+05:00 level=INFO msg="GetProfile has successfully finished"
time=2024-08-19T19:40:38.459+05:00 level=INFO msg="GetProfile method is starting"
time=2024-08-19T19:40:38.459+05:00 level=INFO msg="GetProfile has successfully finished"
time=2024-08-19T19:40:53.356+05:00 level=INFO msg="GetProfile method is starting"
time=2024-08-19T19:40:53.356+05:00 level=INFO msg="GetProfile has successfully finished"
time=2024-08-19T19:41:00.097+05:00 level=INFO msg="GetProfile method is starting"
time=2024-08-19T19:41:00.098+05:00 level=INFO msg="GetProfile has successfully finished"
time=2024-08-19T19:41:00.098+05:00 level=INFO msg="GetProfile method is starting"
time=2024-08-19T19:41:00.098+05:00 level=INFO msg="GetProfile has successfully finished"
time=2024-08-19T19:41:00.098+05:00 level=INFO msg="GetProfile method is starting"
time=2024-08-19T19:41:00.098+05:00 level=INFO msg="GetProfile has successfully finished"
time=2024-08-19T19:41:46.952+05:00 level=INFO msg="GetProfile method is starting"
time=2024-08-19T19:41:46.953+05:00 level=INFO msg="GetProfile has successfully finished"
time=2024-08-19T19:41:46.953+05:00 level=INFO msg="GetProfile method is starting"
time=2024-08-19T19:41:46.953+05:00 level=INFO msg="GetProfile has successfully finished"
time=2024-08-19T19:42:04.963+05:00 level=INFO msg="FetchKitchens method is starting"
time=2024-08-19T19:42:04.964+05:00 level=INFO msg="FetchKitchens has successfully finished"
time=2024-08-19T19:43:24.446+05:00 level=INFO msg="FetchKitchens method is starting"
time=2024-08-19T19:43:24.446+05:00 level=INFO msg="FetchKitchens has successfully finished"
time=2024-08-19T19:43:54.183+05:00 level=INFO msg="FetchKitchens method is starting"
time=2024-08-19T19:43:54.184+05:00 level=INFO msg="FetchKitchens has successfully finished"
time=2024-08-19T19:46:15.861+05:00 level=INFO msg="CreateKitchen method is starting"
time=2024-08-19T19:46:15.872+05:00 level=INFO msg="CreateKitchen has successfully finished"
time=2024-08-19T19:46:33.387+05:00 level=INFO msg="GetKitchen method is starting"
time=2024-08-19T19:46:33.387+05:00 level=INFO msg="GetKitchen has successfully finished"
time=2024-08-19T19:47:18.169+05:00 level=INFO msg="UpdateKitchen method is starting"
time=2024-08-19T19:47:18.170+05:00 level=ERROR msg="failed to update kitchen: update failure: pq: invalid input syntax for type uuid: \"\""
time=2024-08-19T19:47:45.835+05:00 level=INFO msg="UpdateKitchen method is starting"
time=2024-08-19T19:47:45.835+05:00 level=ERROR msg="failed to update kitchen: update failure: pq: invalid input syntax for type uuid: \"\""
time=2024-08-19T19:48:44.097+05:00 level=INFO msg="UpdateKitchen method is starting"
time=2024-08-19T19:48:44.098+05:00 level=ERROR msg="failed to update kitchen: update failure: pq: invalid input syntax for type uuid: \"\""
time=2024-08-19T19:50:44.184+05:00 level=INFO msg="UpdateKitchen method is starting"
time=2024-08-19T19:50:44.195+05:00 level=INFO msg="UpdateKitchen has successfully finished"
time=2024-08-19T19:50:53.846+05:00 level=INFO msg="GetKitchen method is starting"
time=2024-08-19T19:50:53.847+05:00 level=INFO msg="GetKitchen has successfully finished"
time=2024-08-19T19:51:07.696+05:00 level=INFO msg="DeleteKitchen method is starting"
time=2024-08-19T19:51:07.706+05:00 level=INFO msg="DeleteKitchen has successfully finished"
time=2024-08-19T19:51:10.597+05:00 level=INFO msg="DeleteKitchen method is starting"
time=2024-08-19T19:51:10.597+05:00 level=INFO msg="DeleteKitchen has successfully finished"
time=2024-08-19T19:51:12.848+05:00 level=INFO msg="DeleteKitchen method is starting"
time=2024-08-19T19:51:12.848+05:00 level=INFO msg="DeleteKitchen has successfully finished"
time=2024-08-19T19:51:17.142+05:00 level=INFO msg="GetKitchen method is starting"
time=2024-08-19T19:51:17.151+05:00 level=ERROR msg="failed to get kitchen: reading failure: sql: no rows in result set"
time=2024-08-19T20:05:49.076+05:00 level=INFO msg="SearchKitchen method is starting"
time=2024-08-19T20:05:49.086+05:00 level=INFO msg="SearchKitchen has successfully finished"
time=2024-08-19T20:06:04.884+05:00 level=INFO msg="SearchKitchen method is starting"
time=2024-08-19T20:06:04.885+05:00 level=INFO msg="SearchKitchen has successfully finished"
time=2024-08-19T20:06:22.187+05:00 level=INFO msg="SearchKitchen method is starting"
time=2024-08-19T20:06:22.188+05:00 level=INFO msg="SearchKitchen has successfully finished"
time=2024-08-19T20:06:31.860+05:00 level=INFO msg="SearchKitchen method is starting"
time=2024-08-19T20:06:31.861+05:00 level=INFO msg="SearchKitchen has successfully finished"
